{"/mnt/c/MyTemp/sorsa/svelte-solitaire/src/games/klondike/klondikeRules.ts": {"path":"/mnt/c/MyTemp/sorsa/svelte-solitaire/src/games/klondike/klondikeRules.ts","statementMap":{"0":{"start":{"line":21,"column":2},"end":{"line":23,"column":null}},"1":{"start":{"line":22,"column":4},"end":{"line":22,"column":null}},"2":{"start":{"line":24,"column":18},"end":{"line":24,"column":null}},"3":{"start":{"line":25,"column":2},"end":{"line":25,"column":null}},"4":{"start":{"line":32,"column":2},"end":{"line":34,"column":null}},"5":{"start":{"line":33,"column":4},"end":{"line":33,"column":null}},"6":{"start":{"line":35,"column":18},"end":{"line":35,"column":null}},"7":{"start":{"line":36,"column":2},"end":{"line":36,"column":null}},"8":{"start":{"line":43,"column":2},"end":{"line":48,"column":null}},"9":{"start":{"line":44,"column":39},"end":{"line":44,"column":70}},"10":{"start":{"line":44,"column":57},"end":{"line":44,"column":69}},"11":{"start":{"line":45,"column":47},"end":{"line":45,"column":78}},"12":{"start":{"line":45,"column":65},"end":{"line":45,"column":77}},"13":{"start":{"line":46,"column":36},"end":{"line":46,"column":48}},"14":{"start":{"line":47,"column":36},"end":{"line":47,"column":48}},"15":{"start":{"line":60,"column":19},"end":{"line":60,"column":null}},"16":{"start":{"line":65,"column":2},"end":{"line":101,"column":null}},"17":{"start":{"line":66,"column":4},"end":{"line":68,"column":null}},"18":{"start":{"line":67,"column":6},"end":{"line":67,"column":null}},"19":{"start":{"line":69,"column":4},"end":{"line":69,"column":null}},"20":{"start":{"line":70,"column":2},"end":{"line":101,"column":null}},"21":{"start":{"line":71,"column":17},"end":{"line":71,"column":null}},"22":{"start":{"line":72,"column":4},"end":{"line":74,"column":null}},"23":{"start":{"line":73,"column":6},"end":{"line":73,"column":null}},"24":{"start":{"line":76,"column":22},"end":{"line":76,"column":null}},"25":{"start":{"line":77,"column":4},"end":{"line":79,"column":null}},"26":{"start":{"line":78,"column":6},"end":{"line":78,"column":null}},"27":{"start":{"line":82,"column":4},"end":{"line":84,"column":null}},"28":{"start":{"line":83,"column":6},"end":{"line":83,"column":null}},"29":{"start":{"line":87,"column":4},"end":{"line":87,"column":null}},"30":{"start":{"line":90,"column":4},"end":{"line":92,"column":null}},"31":{"start":{"line":91,"column":6},"end":{"line":91,"column":null}},"32":{"start":{"line":93,"column":2},"end":{"line":101,"column":null}},"33":{"start":{"line":94,"column":17},"end":{"line":94,"column":null}},"34":{"start":{"line":95,"column":4},"end":{"line":97,"column":null}},"35":{"start":{"line":96,"column":6},"end":{"line":96,"column":null}},"36":{"start":{"line":98,"column":4},"end":{"line":98,"column":null}},"37":{"start":{"line":100,"column":4},"end":{"line":100,"column":null}},"38":{"start":{"line":104,"column":2},"end":{"line":128,"column":null}},"39":{"start":{"line":105,"column":23},"end":{"line":105,"column":null}},"40":{"start":{"line":108,"column":4},"end":{"line":110,"column":null}},"41":{"start":{"line":109,"column":6},"end":{"line":109,"column":null}},"42":{"start":{"line":112,"column":4},"end":{"line":112,"column":null}},"43":{"start":{"line":113,"column":2},"end":{"line":128,"column":null}},"44":{"start":{"line":115,"column":4},"end":{"line":117,"column":null}},"45":{"start":{"line":116,"column":6},"end":{"line":116,"column":null}},"46":{"start":{"line":119,"column":23},"end":{"line":119,"column":null}},"47":{"start":{"line":121,"column":4},"end":{"line":123,"column":null}},"48":{"start":{"line":122,"column":6},"end":{"line":122,"column":null}},"49":{"start":{"line":125,"column":4},"end":{"line":125,"column":null}},"50":{"start":{"line":127,"column":4},"end":{"line":127,"column":null}},"51":{"start":{"line":130,"column":2},"end":{"line":130,"column":null}},"52":{"start":{"line":137,"column":2},"end":{"line":137,"column":null}},"53":{"start":{"line":137,"column":41},"end":{"line":137,"column":59}},"54":{"start":{"line":145,"column":2},"end":{"line":145,"column":null}},"55":{"start":{"line":145,"column":30},"end":{"line":145,"column":null}},"56":{"start":{"line":148,"column":2},"end":{"line":151,"column":null}},"57":{"start":{"line":149,"column":4},"end":{"line":149,"column":null}},"58":{"start":{"line":149,"column":37},"end":{"line":149,"column":null}},"59":{"start":{"line":150,"column":4},"end":{"line":150,"column":null}},"60":{"start":{"line":150,"column":40},"end":{"line":150,"column":null}},"61":{"start":{"line":158,"column":2},"end":{"line":170,"column":null}},"62":{"start":{"line":159,"column":22},"end":{"line":159,"column":null}},"63":{"start":{"line":162,"column":4},"end":{"line":164,"column":null}},"64":{"start":{"line":163,"column":6},"end":{"line":163,"column":null}},"65":{"start":{"line":163,"column":54},"end":{"line":163,"column":null}},"66":{"start":{"line":167,"column":4},"end":{"line":169,"column":null}},"67":{"start":{"line":168,"column":6},"end":{"line":168,"column":null}},"68":{"start":{"line":168,"column":48},"end":{"line":168,"column":null}},"69":{"start":{"line":173,"column":2},"end":{"line":204,"column":null}},"70":{"start":{"line":173,"column":15},"end":{"line":173,"column":18}},"71":{"start":{"line":174,"column":17},"end":{"line":174,"column":null}},"72":{"start":{"line":175,"column":4},"end":{"line":175,"column":null}},"73":{"start":{"line":175,"column":27},"end":{"line":175,"column":null}},"74":{"start":{"line":178,"column":27},"end":{"line":178,"column":null}},"75":{"start":{"line":178,"column":50},"end":{"line":178,"column":61}},"76":{"start":{"line":179,"column":4},"end":{"line":179,"column":null}},"77":{"start":{"line":179,"column":33},"end":{"line":179,"column":null}},"78":{"start":{"line":181,"column":4},"end":{"line":203,"column":null}},"79":{"start":{"line":181,"column":17},"end":{"line":181,"column":35}},"80":{"start":{"line":182,"column":19},"end":{"line":182,"column":null}},"81":{"start":{"line":185,"column":6},"end":{"line":189,"column":null}},"82":{"start":{"line":186,"column":8},"end":{"line":188,"column":null}},"83":{"start":{"line":187,"column":10},"end":{"line":187,"column":null}},"84":{"start":{"line":187,"column":53},"end":{"line":187,"column":null}},"85":{"start":{"line":192,"column":6},"end":{"line":202,"column":null}},"86":{"start":{"line":192,"column":19},"end":{"line":192,"column":22}},"87":{"start":{"line":193,"column":8},"end":{"line":193,"column":null}},"88":{"start":{"line":193,"column":21},"end":{"line":193,"column":null}},"89":{"start":{"line":194,"column":27},"end":{"line":194,"column":null}},"90":{"start":{"line":195,"column":8},"end":{"line":201,"column":null}},"91":{"start":{"line":197,"column":10},"end":{"line":199,"column":null}},"92":{"start":{"line":198,"column":12},"end":{"line":198,"column":null}},"93":{"start":{"line":200,"column":10},"end":{"line":200,"column":null}},"94":{"start":{"line":206,"column":2},"end":{"line":206,"column":null}},"95":{"start":{"line":215,"column":27},"end":{"line":217,"column":null}},"96":{"start":{"line":216,"column":4},"end":{"line":216,"column":null}},"97":{"start":{"line":216,"column":23},"end":{"line":216,"column":34}},"98":{"start":{"line":220,"column":25},"end":{"line":220,"column":null}},"99":{"start":{"line":220,"column":51},"end":{"line":220,"column":62}},"100":{"start":{"line":222,"column":2},"end":{"line":222,"column":null}},"101":{"start":{"line":234,"column":19},"end":{"line":234,"column":null}},"102":{"start":{"line":235,"column":54},"end":{"line":235,"column":null}},"103":{"start":{"line":238,"column":2},"end":{"line":254,"column":null}},"104":{"start":{"line":239,"column":17},"end":{"line":239,"column":null}},"105":{"start":{"line":240,"column":10},"end":{"line":240,"column":null}},"106":{"start":{"line":242,"column":4},"end":{"line":253,"column":null}},"107":{"start":{"line":242,"column":17},"end":{"line":242,"column":20}},"108":{"start":{"line":243,"column":6},"end":{"line":252,"column":null}},"109":{"start":{"line":244,"column":8},"end":{"line":251,"column":null}},"110":{"start":{"line":245,"column":10},"end":{"line":245,"column":null}},"111":{"start":{"line":246,"column":10},"end":{"line":250,"column":null}},"112":{"start":{"line":257,"column":2},"end":{"line":279,"column":null}},"113":{"start":{"line":257,"column":15},"end":{"line":257,"column":18}},"114":{"start":{"line":258,"column":17},"end":{"line":258,"column":null}},"115":{"start":{"line":260,"column":4},"end":{"line":278,"column":null}},"116":{"start":{"line":260,"column":17},"end":{"line":260,"column":20}},"117":{"start":{"line":261,"column":19},"end":{"line":261,"column":null}},"118":{"start":{"line":262,"column":6},"end":{"line":262,"column":null}},"119":{"start":{"line":262,"column":24},"end":{"line":262,"column":null}},"120":{"start":{"line":264,"column":12},"end":{"line":264,"column":null}},"121":{"start":{"line":266,"column":6},"end":{"line":277,"column":null}},"122":{"start":{"line":266,"column":19},"end":{"line":266,"column":22}},"123":{"start":{"line":267,"column":8},"end":{"line":276,"column":null}},"124":{"start":{"line":268,"column":10},"end":{"line":275,"column":null}},"125":{"start":{"line":269,"column":12},"end":{"line":269,"column":null}},"126":{"start":{"line":270,"column":12},"end":{"line":274,"column":null}},"127":{"start":{"line":281,"column":2},"end":{"line":281,"column":null}}},"fnMap":{"0":{"name":"canMoveToTableau","decl":{"start":{"line":20,"column":16},"end":{"line":20,"column":33}},"loc":{"start":{"line":20,"column":74},"end":{"line":26,"column":null}},"line":20},"1":{"name":"canMoveToFoundation","decl":{"start":{"line":31,"column":16},"end":{"line":31,"column":36}},"loc":{"start":{"line":31,"column":77},"end":{"line":37,"column":null}},"line":31},"2":{"name":"cloneState","decl":{"start":{"line":42,"column":9},"end":{"line":42,"column":20}},"loc":{"start":{"line":42,"column":57},"end":{"line":49,"column":null}},"line":42},"3":{"name":"(anonymous_3)","decl":{"start":{"line":44,"column":31},"end":{"line":44,"column":39}},"loc":{"start":{"line":44,"column":39},"end":{"line":44,"column":70}},"line":44},"4":{"name":"(anonymous_4)","decl":{"start":{"line":44,"column":48},"end":{"line":44,"column":57}},"loc":{"start":{"line":44,"column":57},"end":{"line":44,"column":69}},"line":44},"5":{"name":"(anonymous_5)","decl":{"start":{"line":45,"column":39},"end":{"line":45,"column":47}},"loc":{"start":{"line":45,"column":47},"end":{"line":45,"column":78}},"line":45},"6":{"name":"(anonymous_6)","decl":{"start":{"line":45,"column":56},"end":{"line":45,"column":65}},"loc":{"start":{"line":45,"column":65},"end":{"line":45,"column":77}},"line":45},"7":{"name":"(anonymous_7)","decl":{"start":{"line":46,"column":27},"end":{"line":46,"column":36}},"loc":{"start":{"line":46,"column":36},"end":{"line":46,"column":48}},"line":46},"8":{"name":"(anonymous_8)","decl":{"start":{"line":47,"column":27},"end":{"line":47,"column":36}},"loc":{"start":{"line":47,"column":36},"end":{"line":47,"column":48}},"line":47},"9":{"name":"moveCard","decl":{"start":{"line":54,"column":16},"end":{"line":54,"column":null}},"loc":{"start":{"line":58,"column":14},"end":{"line":131,"column":null}},"line":58},"10":{"name":"isGameWon","decl":{"start":{"line":136,"column":16},"end":{"line":136,"column":26}},"loc":{"start":{"line":136,"column":57},"end":{"line":138,"column":null}},"line":136},"11":{"name":"(anonymous_11)","decl":{"start":{"line":137,"column":33},"end":{"line":137,"column":41}},"loc":{"start":{"line":137,"column":41},"end":{"line":137,"column":59}},"line":137},"12":{"name":"isGameLost","decl":{"start":{"line":143,"column":16},"end":{"line":143,"column":27}},"loc":{"start":{"line":143,"column":115},"end":{"line":207,"column":null}},"line":143},"13":{"name":"(anonymous_13)","decl":{"start":{"line":178,"column":42},"end":{"line":178,"column":50}},"loc":{"start":{"line":178,"column":50},"end":{"line":178,"column":61}},"line":178},"14":{"name":"canAutoComplete","decl":{"start":{"line":213,"column":16},"end":{"line":213,"column":32}},"loc":{"start":{"line":213,"column":63},"end":{"line":223,"column":null}},"line":213},"15":{"name":"(anonymous_15)","decl":{"start":{"line":215,"column":47},"end":{"line":215,"column":null}},"loc":{"start":{"line":216,"column":4},"end":{"line":216,"column":null}},"line":216},"16":{"name":"(anonymous_16)","decl":{"start":{"line":216,"column":15},"end":{"line":216,"column":23}},"loc":{"start":{"line":216,"column":23},"end":{"line":216,"column":34}},"line":216},"17":{"name":"(anonymous_17)","decl":{"start":{"line":220,"column":43},"end":{"line":220,"column":51}},"loc":{"start":{"line":220,"column":51},"end":{"line":220,"column":62}},"line":220},"18":{"name":"findNextAutoMove","decl":{"start":{"line":229,"column":16},"end":{"line":229,"column":33}},"loc":{"start":{"line":233,"column":9},"end":{"line":282,"column":null}},"line":233}},"branchMap":{"0":{"loc":{"start":{"line":21,"column":2},"end":{"line":23,"column":null}},"type":"if","locations":[{"start":{"line":21,"column":2},"end":{"line":23,"column":null}},{"start":{},"end":{}}],"line":21},"1":{"loc":{"start":{"line":32,"column":2},"end":{"line":34,"column":null}},"type":"if","locations":[{"start":{"line":32,"column":2},"end":{"line":34,"column":null}},{"start":{},"end":{}}],"line":32},"2":{"loc":{"start":{"line":65,"column":2},"end":{"line":101,"column":null}},"type":"if","locations":[{"start":{"line":65,"column":2},"end":{"line":101,"column":null}},{"start":{"line":70,"column":2},"end":{"line":101,"column":null}}],"line":65},"3":{"loc":{"start":{"line":66,"column":4},"end":{"line":68,"column":null}},"type":"if","locations":[{"start":{"line":66,"column":4},"end":{"line":68,"column":null}},{"start":{},"end":{}}],"line":66},"4":{"loc":{"start":{"line":70,"column":2},"end":{"line":101,"column":null}},"type":"if","locations":[{"start":{"line":70,"column":2},"end":{"line":101,"column":null}},{"start":{"line":93,"column":2},"end":{"line":101,"column":null}}],"line":70},"5":{"loc":{"start":{"line":72,"column":4},"end":{"line":74,"column":null}},"type":"if","locations":[{"start":{"line":72,"column":4},"end":{"line":74,"column":null}},{"start":{},"end":{}}],"line":72},"6":{"loc":{"start":{"line":76,"column":22},"end":{"line":76,"column":null}},"type":"binary-expr","locations":[{"start":{"line":76,"column":22},"end":{"line":76,"column":40}},{"start":{"line":76,"column":40},"end":{"line":76,"column":null}}],"line":76},"7":{"loc":{"start":{"line":77,"column":4},"end":{"line":79,"column":null}},"type":"if","locations":[{"start":{"line":77,"column":4},"end":{"line":79,"column":null}},{"start":{},"end":{}}],"line":77},"8":{"loc":{"start":{"line":82,"column":4},"end":{"line":84,"column":null}},"type":"if","locations":[{"start":{"line":82,"column":4},"end":{"line":84,"column":null}},{"start":{},"end":{}}],"line":82},"9":{"loc":{"start":{"line":90,"column":4},"end":{"line":92,"column":null}},"type":"if","locations":[{"start":{"line":90,"column":4},"end":{"line":92,"column":null}},{"start":{},"end":{}}],"line":90},"10":{"loc":{"start":{"line":90,"column":8},"end":{"line":90,"column":58}},"type":"binary-expr","locations":[{"start":{"line":90,"column":8},"end":{"line":90,"column":27}},{"start":{"line":90,"column":27},"end":{"line":90,"column":58}}],"line":90},"11":{"loc":{"start":{"line":93,"column":2},"end":{"line":101,"column":null}},"type":"if","locations":[{"start":{"line":93,"column":2},"end":{"line":101,"column":null}},{"start":{"line":99,"column":9},"end":{"line":101,"column":null}}],"line":93},"12":{"loc":{"start":{"line":95,"column":4},"end":{"line":97,"column":null}},"type":"if","locations":[{"start":{"line":95,"column":4},"end":{"line":97,"column":null}},{"start":{},"end":{}}],"line":95},"13":{"loc":{"start":{"line":104,"column":2},"end":{"line":128,"column":null}},"type":"if","locations":[{"start":{"line":104,"column":2},"end":{"line":128,"column":null}},{"start":{"line":113,"column":2},"end":{"line":128,"column":null}}],"line":104},"14":{"loc":{"start":{"line":108,"column":4},"end":{"line":110,"column":null}},"type":"if","locations":[{"start":{"line":108,"column":4},"end":{"line":110,"column":null}},{"start":{},"end":{}}],"line":108},"15":{"loc":{"start":{"line":113,"column":2},"end":{"line":128,"column":null}},"type":"if","locations":[{"start":{"line":113,"column":2},"end":{"line":128,"column":null}},{"start":{"line":126,"column":9},"end":{"line":128,"column":null}}],"line":113},"16":{"loc":{"start":{"line":115,"column":4},"end":{"line":117,"column":null}},"type":"if","locations":[{"start":{"line":115,"column":4},"end":{"line":117,"column":null}},{"start":{},"end":{}}],"line":115},"17":{"loc":{"start":{"line":121,"column":4},"end":{"line":123,"column":null}},"type":"if","locations":[{"start":{"line":121,"column":4},"end":{"line":123,"column":null}},{"start":{},"end":{}}],"line":121},"18":{"loc":{"start":{"line":145,"column":2},"end":{"line":145,"column":null}},"type":"if","locations":[{"start":{"line":145,"column":2},"end":{"line":145,"column":null}},{"start":{},"end":{}}],"line":145},"19":{"loc":{"start":{"line":148,"column":2},"end":{"line":151,"column":null}},"type":"if","locations":[{"start":{"line":148,"column":2},"end":{"line":151,"column":null}},{"start":{},"end":{}}],"line":148},"20":{"loc":{"start":{"line":149,"column":4},"end":{"line":149,"column":null}},"type":"if","locations":[{"start":{"line":149,"column":4},"end":{"line":149,"column":null}},{"start":{},"end":{}}],"line":149},"21":{"loc":{"start":{"line":150,"column":4},"end":{"line":150,"column":null}},"type":"if","locations":[{"start":{"line":150,"column":4},"end":{"line":150,"column":null}},{"start":{},"end":{}}],"line":150},"22":{"loc":{"start":{"line":158,"column":2},"end":{"line":170,"column":null}},"type":"if","locations":[{"start":{"line":158,"column":2},"end":{"line":170,"column":null}},{"start":{},"end":{}}],"line":158},"23":{"loc":{"start":{"line":163,"column":6},"end":{"line":163,"column":null}},"type":"if","locations":[{"start":{"line":163,"column":6},"end":{"line":163,"column":null}},{"start":{},"end":{}}],"line":163},"24":{"loc":{"start":{"line":168,"column":6},"end":{"line":168,"column":null}},"type":"if","locations":[{"start":{"line":168,"column":6},"end":{"line":168,"column":null}},{"start":{},"end":{}}],"line":168},"25":{"loc":{"start":{"line":175,"column":4},"end":{"line":175,"column":null}},"type":"if","locations":[{"start":{"line":175,"column":4},"end":{"line":175,"column":null}},{"start":{},"end":{}}],"line":175},"26":{"loc":{"start":{"line":179,"column":4},"end":{"line":179,"column":null}},"type":"if","locations":[{"start":{"line":179,"column":4},"end":{"line":179,"column":null}},{"start":{},"end":{}}],"line":179},"27":{"loc":{"start":{"line":185,"column":6},"end":{"line":189,"column":null}},"type":"if","locations":[{"start":{"line":185,"column":6},"end":{"line":189,"column":null}},{"start":{},"end":{}}],"line":185},"28":{"loc":{"start":{"line":187,"column":10},"end":{"line":187,"column":null}},"type":"if","locations":[{"start":{"line":187,"column":10},"end":{"line":187,"column":null}},{"start":{},"end":{}}],"line":187},"29":{"loc":{"start":{"line":193,"column":8},"end":{"line":193,"column":null}},"type":"if","locations":[{"start":{"line":193,"column":8},"end":{"line":193,"column":null}},{"start":{},"end":{}}],"line":193},"30":{"loc":{"start":{"line":195,"column":8},"end":{"line":201,"column":null}},"type":"if","locations":[{"start":{"line":195,"column":8},"end":{"line":201,"column":null}},{"start":{},"end":{}}],"line":195},"31":{"loc":{"start":{"line":197,"column":10},"end":{"line":199,"column":null}},"type":"if","locations":[{"start":{"line":197,"column":10},"end":{"line":199,"column":null}},{"start":{},"end":{}}],"line":197},"32":{"loc":{"start":{"line":197,"column":14},"end":{"line":197,"column":71}},"type":"binary-expr","locations":[{"start":{"line":197,"column":14},"end":{"line":197,"column":35}},{"start":{"line":197,"column":35},"end":{"line":197,"column":46}},{"start":{"line":197,"column":46},"end":{"line":197,"column":71}}],"line":197},"33":{"loc":{"start":{"line":222,"column":9},"end":{"line":222,"column":null}},"type":"binary-expr","locations":[{"start":{"line":222,"column":9},"end":{"line":222,"column":29}},{"start":{"line":222,"column":29},"end":{"line":222,"column":null}}],"line":222},"34":{"loc":{"start":{"line":238,"column":2},"end":{"line":254,"column":null}},"type":"if","locations":[{"start":{"line":238,"column":2},"end":{"line":254,"column":null}},{"start":{},"end":{}}],"line":238},"35":{"loc":{"start":{"line":243,"column":6},"end":{"line":252,"column":null}},"type":"if","locations":[{"start":{"line":243,"column":6},"end":{"line":252,"column":null}},{"start":{},"end":{}}],"line":243},"36":{"loc":{"start":{"line":244,"column":8},"end":{"line":251,"column":null}},"type":"if","locations":[{"start":{"line":244,"column":8},"end":{"line":251,"column":null}},{"start":{},"end":{}}],"line":244},"37":{"loc":{"start":{"line":262,"column":6},"end":{"line":262,"column":null}},"type":"if","locations":[{"start":{"line":262,"column":6},"end":{"line":262,"column":null}},{"start":{},"end":{}}],"line":262},"38":{"loc":{"start":{"line":267,"column":8},"end":{"line":276,"column":null}},"type":"if","locations":[{"start":{"line":267,"column":8},"end":{"line":276,"column":null}},{"start":{},"end":{}}],"line":267},"39":{"loc":{"start":{"line":268,"column":10},"end":{"line":275,"column":null}},"type":"if","locations":[{"start":{"line":268,"column":10},"end":{"line":275,"column":null}},{"start":{},"end":{}}],"line":268}},"s":{"0":216,"1":11,"2":205,"3":205,"4":181,"5":49,"6":132,"7":132,"8":20,"9":140,"10":33,"11":80,"12":1,"13":0,"14":5,"15":20,"16":20,"17":6,"18":1,"19":5,"20":14,"21":12,"22":12,"23":1,"24":11,"25":12,"26":1,"27":10,"28":1,"29":9,"30":9,"31":1,"32":2,"33":2,"34":2,"35":1,"36":1,"37":0,"38":15,"39":10,"40":10,"41":4,"42":6,"43":5,"44":5,"45":1,"46":4,"47":4,"48":1,"49":3,"50":0,"51":9,"52":3,"53":9,"54":12,"55":1,"56":11,"57":8,"58":1,"59":7,"60":1,"61":9,"62":6,"63":6,"64":21,"65":1,"66":5,"67":24,"68":2,"69":6,"70":6,"71":31,"72":31,"73":0,"74":31,"75":32,"76":31,"77":0,"78":31,"79":31,"80":31,"81":31,"82":31,"83":121,"84":1,"85":30,"86":30,"87":204,"88":29,"89":175,"90":175,"91":6,"92":5,"93":1,"94":29,"95":6,"96":30,"97":10,"98":6,"99":1,"100":6,"101":5,"102":5,"103":5,"104":1,"105":1,"106":1,"107":1,"108":4,"109":1,"110":1,"111":1,"112":5,"113":5,"114":35,"115":35,"116":35,"117":6,"118":6,"119":0,"120":6,"121":6,"122":6,"123":24,"124":9,"125":3,"126":3,"127":5},"f":{"0":216,"1":181,"2":20,"3":140,"4":33,"5":80,"6":1,"7":0,"8":5,"9":20,"10":3,"11":9,"12":12,"13":32,"14":6,"15":30,"16":10,"17":1,"18":5},"b":{"0":[11,205],"1":[49,132],"2":[6,14],"3":[1,5],"4":[12,2],"5":[1,11],"6":[11,5],"7":[1,11],"8":[1,9],"9":[1,8],"10":[9,3],"11":[2,0],"12":[1,1],"13":[10,5],"14":[4,6],"15":[5,0],"16":[1,4],"17":[1,3],"18":[1,11],"19":[8,3],"20":[1,7],"21":[1,6],"22":[6,3],"23":[1,20],"24":[2,22],"25":[0,31],"26":[0,31],"27":[31,0],"28":[1,120],"29":[29,175],"30":[6,169],"31":[5,1],"32":[6,5,5],"33":[6,4],"34":[1,4],"35":[1,3],"36":[1,0],"37":[0,6],"38":[9,15],"39":[3,6]},"meta":{"lastBranch":40,"lastFunction":19,"lastStatement":128,"seen":{"f:20:16:20:33":0,"b:21:2:23:Infinity:undefined:undefined:undefined:undefined":0,"s:21:2:23:Infinity":0,"s:22:4:22:Infinity":1,"s:24:18:24:Infinity":2,"s:25:2:25:Infinity":3,"f:31:16:31:36":1,"b:32:2:34:Infinity:undefined:undefined:undefined:undefined":1,"s:32:2:34:Infinity":4,"s:33:4:33:Infinity":5,"s:35:18:35:Infinity":6,"s:36:2:36:Infinity":7,"f:42:9:42:20":2,"s:43:2:48:Infinity":8,"f:44:31:44:39":3,"s:44:39:44:70":9,"f:44:48:44:57":4,"s:44:57:44:69":10,"f:45:39:45:47":5,"s:45:47:45:78":11,"f:45:56:45:65":6,"s:45:65:45:77":12,"f:46:27:46:36":7,"s:46:36:46:48":13,"f:47:27:47:36":8,"s:47:36:47:48":14,"f:54:16:54:Infinity":9,"s:60:19:60:Infinity":15,"b:65:2:101:Infinity:70:2:101:Infinity":2,"s:65:2:101:Infinity":16,"b:66:4:68:Infinity:undefined:undefined:undefined:undefined":3,"s:66:4:68:Infinity":17,"s:67:6:67:Infinity":18,"s:69:4:69:Infinity":19,"b:70:2:101:Infinity:93:2:101:Infinity":4,"s:70:2:101:Infinity":20,"s:71:17:71:Infinity":21,"b:72:4:74:Infinity:undefined:undefined:undefined:undefined":5,"s:72:4:74:Infinity":22,"s:73:6:73:Infinity":23,"s:76:22:76:Infinity":24,"b:76:22:76:40:76:40:76:Infinity":6,"b:77:4:79:Infinity:undefined:undefined:undefined:undefined":7,"s:77:4:79:Infinity":25,"s:78:6:78:Infinity":26,"b:82:4:84:Infinity:undefined:undefined:undefined:undefined":8,"s:82:4:84:Infinity":27,"s:83:6:83:Infinity":28,"s:87:4:87:Infinity":29,"b:90:4:92:Infinity:undefined:undefined:undefined:undefined":9,"s:90:4:92:Infinity":30,"b:90:8:90:27:90:27:90:58":10,"s:91:6:91:Infinity":31,"b:93:2:101:Infinity:99:9:101:Infinity":11,"s:93:2:101:Infinity":32,"s:94:17:94:Infinity":33,"b:95:4:97:Infinity:undefined:undefined:undefined:undefined":12,"s:95:4:97:Infinity":34,"s:96:6:96:Infinity":35,"s:98:4:98:Infinity":36,"s:100:4:100:Infinity":37,"b:104:2:128:Infinity:113:2:128:Infinity":13,"s:104:2:128:Infinity":38,"s:105:23:105:Infinity":39,"b:108:4:110:Infinity:undefined:undefined:undefined:undefined":14,"s:108:4:110:Infinity":40,"s:109:6:109:Infinity":41,"s:112:4:112:Infinity":42,"b:113:2:128:Infinity:126:9:128:Infinity":15,"s:113:2:128:Infinity":43,"b:115:4:117:Infinity:undefined:undefined:undefined:undefined":16,"s:115:4:117:Infinity":44,"s:116:6:116:Infinity":45,"s:119:23:119:Infinity":46,"b:121:4:123:Infinity:undefined:undefined:undefined:undefined":17,"s:121:4:123:Infinity":47,"s:122:6:122:Infinity":48,"s:125:4:125:Infinity":49,"s:127:4:127:Infinity":50,"s:130:2:130:Infinity":51,"f:136:16:136:26":10,"s:137:2:137:Infinity":52,"f:137:33:137:41":11,"s:137:41:137:59":53,"f:143:16:143:27":12,"b:145:2:145:Infinity:undefined:undefined:undefined:undefined":18,"s:145:2:145:Infinity":54,"s:145:30:145:Infinity":55,"b:148:2:151:Infinity:undefined:undefined:undefined:undefined":19,"s:148:2:151:Infinity":56,"b:149:4:149:Infinity:undefined:undefined:undefined:undefined":20,"s:149:4:149:Infinity":57,"s:149:37:149:Infinity":58,"b:150:4:150:Infinity:undefined:undefined:undefined:undefined":21,"s:150:4:150:Infinity":59,"s:150:40:150:Infinity":60,"b:158:2:170:Infinity:undefined:undefined:undefined:undefined":22,"s:158:2:170:Infinity":61,"s:159:22:159:Infinity":62,"s:162:4:164:Infinity":63,"b:163:6:163:Infinity:undefined:undefined:undefined:undefined":23,"s:163:6:163:Infinity":64,"s:163:54:163:Infinity":65,"s:167:4:169:Infinity":66,"b:168:6:168:Infinity:undefined:undefined:undefined:undefined":24,"s:168:6:168:Infinity":67,"s:168:48:168:Infinity":68,"s:173:2:204:Infinity":69,"s:173:15:173:18":70,"s:174:17:174:Infinity":71,"b:175:4:175:Infinity:undefined:undefined:undefined:undefined":25,"s:175:4:175:Infinity":72,"s:175:27:175:Infinity":73,"s:178:27:178:Infinity":74,"f:178:42:178:50":13,"s:178:50:178:61":75,"b:179:4:179:Infinity:undefined:undefined:undefined:undefined":26,"s:179:4:179:Infinity":76,"s:179:33:179:Infinity":77,"s:181:4:203:Infinity":78,"s:181:17:181:35":79,"s:182:19:182:Infinity":80,"b:185:6:189:Infinity:undefined:undefined:undefined:undefined":27,"s:185:6:189:Infinity":81,"s:186:8:188:Infinity":82,"b:187:10:187:Infinity:undefined:undefined:undefined:undefined":28,"s:187:10:187:Infinity":83,"s:187:53:187:Infinity":84,"s:192:6:202:Infinity":85,"s:192:19:192:22":86,"b:193:8:193:Infinity:undefined:undefined:undefined:undefined":29,"s:193:8:193:Infinity":87,"s:193:21:193:Infinity":88,"s:194:27:194:Infinity":89,"b:195:8:201:Infinity:undefined:undefined:undefined:undefined":30,"s:195:8:201:Infinity":90,"b:197:10:199:Infinity:undefined:undefined:undefined:undefined":31,"s:197:10:199:Infinity":91,"b:197:14:197:35:197:35:197:46:197:46:197:71":32,"s:198:12:198:Infinity":92,"s:200:10:200:Infinity":93,"s:206:2:206:Infinity":94,"f:213:16:213:32":14,"s:215:27:217:Infinity":95,"f:215:47:215:Infinity":15,"s:216:4:216:Infinity":96,"f:216:15:216:23":16,"s:216:23:216:34":97,"s:220:25:220:Infinity":98,"f:220:43:220:51":17,"s:220:51:220:62":99,"s:222:2:222:Infinity":100,"b:222:9:222:29:222:29:222:Infinity":33,"f:229:16:229:33":18,"s:234:19:234:Infinity":101,"s:235:54:235:Infinity":102,"b:238:2:254:Infinity:undefined:undefined:undefined:undefined":34,"s:238:2:254:Infinity":103,"s:239:17:239:Infinity":104,"s:240:10:240:Infinity":105,"s:242:4:253:Infinity":106,"s:242:17:242:20":107,"b:243:6:252:Infinity:undefined:undefined:undefined:undefined":35,"s:243:6:252:Infinity":108,"b:244:8:251:Infinity:undefined:undefined:undefined:undefined":36,"s:244:8:251:Infinity":109,"s:245:10:245:Infinity":110,"s:246:10:250:Infinity":111,"s:257:2:279:Infinity":112,"s:257:15:257:18":113,"s:258:17:258:Infinity":114,"s:260:4:278:Infinity":115,"s:260:17:260:20":116,"s:261:19:261:Infinity":117,"b:262:6:262:Infinity:undefined:undefined:undefined:undefined":37,"s:262:6:262:Infinity":118,"s:262:24:262:Infinity":119,"s:264:12:264:Infinity":120,"s:266:6:277:Infinity":121,"s:266:19:266:22":122,"b:267:8:276:Infinity:undefined:undefined:undefined:undefined":38,"s:267:8:276:Infinity":123,"b:268:10:275:Infinity:undefined:undefined:undefined:undefined":39,"s:268:10:275:Infinity":124,"s:269:12:269:Infinity":125,"s:270:12:274:Infinity":126,"s:281:2:281:Infinity":127}}}
,"/mnt/c/MyTemp/sorsa/svelte-solitaire/src/games/napoleon/napoleonRules.ts": {"path":"/mnt/c/MyTemp/sorsa/svelte-solitaire/src/games/napoleon/napoleonRules.ts","statementMap":{"0":{"start":{"line":8,"column":2},"end":{"line":22,"column":null}},"1":{"start":{"line":9,"column":14},"end":{"line":9,"column":null}},"2":{"start":{"line":10,"column":14},"end":{"line":10,"column":null}},"3":{"start":{"line":11,"column":14},"end":{"line":11,"column":null}},"4":{"start":{"line":12,"column":14},"end":{"line":12,"column":null}},"5":{"start":{"line":13,"column":14},"end":{"line":13,"column":null}},"6":{"start":{"line":14,"column":14},"end":{"line":14,"column":null}},"7":{"start":{"line":15,"column":14},"end":{"line":15,"column":null}},"8":{"start":{"line":16,"column":14},"end":{"line":16,"column":null}},"9":{"start":{"line":17,"column":14},"end":{"line":17,"column":null}},"10":{"start":{"line":18,"column":15},"end":{"line":18,"column":null}},"11":{"start":{"line":19,"column":14},"end":{"line":19,"column":null}},"12":{"start":{"line":20,"column":14},"end":{"line":20,"column":null}},"13":{"start":{"line":21,"column":14},"end":{"line":21,"column":null}},"14":{"start":{"line":44,"column":2},"end":{"line":51,"column":null}},"15":{"start":{"line":45,"column":38},"end":{"line":45,"column":50}},"16":{"start":{"line":46,"column":39},"end":{"line":46,"column":70}},"17":{"start":{"line":46,"column":57},"end":{"line":46,"column":69}},"18":{"start":{"line":47,"column":39},"end":{"line":47,"column":64}},"19":{"start":{"line":48,"column":40},"end":{"line":48,"column":52}},"20":{"start":{"line":49,"column":36},"end":{"line":49,"column":48}},"21":{"start":{"line":50,"column":36},"end":{"line":50,"column":48}},"22":{"start":{"line":60,"column":2},"end":{"line":62,"column":null}},"23":{"start":{"line":61,"column":4},"end":{"line":61,"column":null}},"24":{"start":{"line":64,"column":18},"end":{"line":64,"column":null}},"25":{"start":{"line":65,"column":19},"end":{"line":65,"column":null}},"26":{"start":{"line":66,"column":20},"end":{"line":66,"column":null}},"27":{"start":{"line":69,"column":2},"end":{"line":71,"column":null}},"28":{"start":{"line":70,"column":4},"end":{"line":70,"column":null}},"29":{"start":{"line":74,"column":2},"end":{"line":74,"column":null}},"30":{"start":{"line":82,"column":2},"end":{"line":84,"column":null}},"31":{"start":{"line":83,"column":4},"end":{"line":83,"column":null}},"32":{"start":{"line":86,"column":18},"end":{"line":86,"column":null}},"33":{"start":{"line":87,"column":8},"end":{"line":87,"column":null}},"34":{"start":{"line":88,"column":8},"end":{"line":88,"column":null}},"35":{"start":{"line":91,"column":2},"end":{"line":93,"column":null}},"36":{"start":{"line":92,"column":4},"end":{"line":92,"column":null}},"37":{"start":{"line":96,"column":2},"end":{"line":96,"column":null}},"38":{"start":{"line":103,"column":2},"end":{"line":103,"column":null}},"39":{"start":{"line":110,"column":2},"end":{"line":110,"column":null}},"40":{"start":{"line":118,"column":19},"end":{"line":118,"column":null}},"41":{"start":{"line":121,"column":2},"end":{"line":124,"column":null}},"42":{"start":{"line":122,"column":4},"end":{"line":122,"column":null}},"43":{"start":{"line":123,"column":4},"end":{"line":123,"column":null}},"44":{"start":{"line":127,"column":2},"end":{"line":132,"column":null}},"45":{"start":{"line":127,"column":15},"end":{"line":127,"column":18}},"46":{"start":{"line":128,"column":4},"end":{"line":131,"column":null}},"47":{"start":{"line":129,"column":6},"end":{"line":129,"column":null}},"48":{"start":{"line":130,"column":6},"end":{"line":130,"column":null}},"49":{"start":{"line":135,"column":2},"end":{"line":138,"column":null}},"50":{"start":{"line":136,"column":4},"end":{"line":136,"column":null}},"51":{"start":{"line":137,"column":4},"end":{"line":137,"column":null}},"52":{"start":{"line":141,"column":2},"end":{"line":146,"column":null}},"53":{"start":{"line":141,"column":15},"end":{"line":141,"column":18}},"54":{"start":{"line":142,"column":4},"end":{"line":145,"column":null}},"55":{"start":{"line":143,"column":6},"end":{"line":143,"column":null}},"56":{"start":{"line":144,"column":6},"end":{"line":144,"column":null}},"57":{"start":{"line":148,"column":2},"end":{"line":148,"column":null}},"58":{"start":{"line":158,"column":26},"end":{"line":160,"column":null}},"59":{"start":{"line":159,"column":4},"end":{"line":159,"column":null}},"60":{"start":{"line":164,"column":25},"end":{"line":165,"column":null}},"61":{"start":{"line":168,"column":22},"end":{"line":171,"column":null}},"62":{"start":{"line":173,"column":2},"end":{"line":173,"column":null}},"63":{"start":{"line":180,"column":15},"end":{"line":180,"column":null}},"64":{"start":{"line":181,"column":2},"end":{"line":185,"column":null}},"65":{"start":{"line":181,"column":15},"end":{"line":181,"column":18}},"66":{"start":{"line":182,"column":4},"end":{"line":184,"column":null}},"67":{"start":{"line":183,"column":6},"end":{"line":183,"column":null}},"68":{"start":{"line":186,"column":2},"end":{"line":186,"column":null}},"69":{"start":{"line":198,"column":2},"end":{"line":198,"column":null}},"70":{"start":{"line":198,"column":30},"end":{"line":198,"column":null}},"71":{"start":{"line":201,"column":2},"end":{"line":203,"column":null}},"72":{"start":{"line":202,"column":4},"end":{"line":202,"column":null}},"73":{"start":{"line":206,"column":2},"end":{"line":224,"column":null}},"74":{"start":{"line":207,"column":22},"end":{"line":207,"column":null}},"75":{"start":{"line":210,"column":4},"end":{"line":210,"column":null}},"76":{"start":{"line":210,"column":50},"end":{"line":210,"column":null}},"77":{"start":{"line":213,"column":4},"end":{"line":215,"column":null}},"78":{"start":{"line":214,"column":6},"end":{"line":214,"column":null}},"79":{"start":{"line":214,"column":46},"end":{"line":214,"column":null}},"80":{"start":{"line":218,"column":4},"end":{"line":220,"column":null}},"81":{"start":{"line":218,"column":17},"end":{"line":218,"column":20}},"82":{"start":{"line":219,"column":6},"end":{"line":219,"column":null}},"83":{"start":{"line":219,"column":45},"end":{"line":219,"column":null}},"84":{"start":{"line":223,"column":4},"end":{"line":223,"column":null}},"85":{"start":{"line":223,"column":37},"end":{"line":223,"column":null}},"86":{"start":{"line":227,"column":2},"end":{"line":237,"column":null}},"87":{"start":{"line":228,"column":4},"end":{"line":228,"column":null}},"88":{"start":{"line":228,"column":29},"end":{"line":228,"column":null}},"89":{"start":{"line":231,"column":4},"end":{"line":231,"column":null}},"90":{"start":{"line":231,"column":65},"end":{"line":231,"column":null}},"91":{"start":{"line":234,"column":4},"end":{"line":236,"column":null}},"92":{"start":{"line":235,"column":6},"end":{"line":235,"column":null}},"93":{"start":{"line":235,"column":47},"end":{"line":235,"column":null}},"94":{"start":{"line":240,"column":2},"end":{"line":245,"column":null}},"95":{"start":{"line":241,"column":20},"end":{"line":241,"column":null}},"96":{"start":{"line":244,"column":4},"end":{"line":244,"column":null}},"97":{"start":{"line":244,"column":48},"end":{"line":244,"column":null}},"98":{"start":{"line":247,"column":2},"end":{"line":247,"column":null}}},"fnMap":{"0":{"name":"getNapoleonRankValue","decl":{"start":{"line":7,"column":9},"end":{"line":7,"column":30}},"loc":{"start":{"line":7,"column":50},"end":{"line":23,"column":null}},"line":7},"1":{"name":"cloneState","decl":{"start":{"line":43,"column":9},"end":{"line":43,"column":20}},"loc":{"start":{"line":43,"column":57},"end":{"line":52,"column":null}},"line":43},"2":{"name":"(anonymous_2)","decl":{"start":{"line":45,"column":29},"end":{"line":45,"column":38}},"loc":{"start":{"line":45,"column":38},"end":{"line":45,"column":50}},"line":45},"3":{"name":"(anonymous_3)","decl":{"start":{"line":46,"column":31},"end":{"line":46,"column":39}},"loc":{"start":{"line":46,"column":39},"end":{"line":46,"column":70}},"line":46},"4":{"name":"(anonymous_4)","decl":{"start":{"line":46,"column":48},"end":{"line":46,"column":57}},"loc":{"start":{"line":46,"column":57},"end":{"line":46,"column":69}},"line":46},"5":{"name":"(anonymous_5)","decl":{"start":{"line":47,"column":31},"end":{"line":47,"column":39}},"loc":{"start":{"line":47,"column":39},"end":{"line":47,"column":64}},"line":47},"6":{"name":"(anonymous_6)","decl":{"start":{"line":48,"column":31},"end":{"line":48,"column":40}},"loc":{"start":{"line":48,"column":40},"end":{"line":48,"column":52}},"line":48},"7":{"name":"(anonymous_7)","decl":{"start":{"line":49,"column":27},"end":{"line":49,"column":36}},"loc":{"start":{"line":49,"column":36},"end":{"line":49,"column":48}},"line":49},"8":{"name":"(anonymous_8)","decl":{"start":{"line":50,"column":27},"end":{"line":50,"column":36}},"loc":{"start":{"line":50,"column":36},"end":{"line":50,"column":48}},"line":50},"9":{"name":"canMoveToCenter","decl":{"start":{"line":59,"column":16},"end":{"line":59,"column":32}},"loc":{"start":{"line":59,"column":73},"end":{"line":75,"column":null}},"line":59},"10":{"name":"canMoveToCorner","decl":{"start":{"line":81,"column":16},"end":{"line":81,"column":32}},"loc":{"start":{"line":81,"column":73},"end":{"line":97,"column":null}},"line":81},"11":{"name":"canMoveToHelper","decl":{"start":{"line":102,"column":16},"end":{"line":102,"column":32}},"loc":{"start":{"line":102,"column":66},"end":{"line":104,"column":null}},"line":102},"12":{"name":"canMoveToSixPile","decl":{"start":{"line":109,"column":16},"end":{"line":109,"column":33}},"loc":{"start":{"line":109,"column":54},"end":{"line":111,"column":null}},"line":109},"13":{"name":"tryAutoPlace","decl":{"start":{"line":117,"column":16},"end":{"line":117,"column":29}},"loc":{"start":{"line":117,"column":128},"end":{"line":149,"column":null}},"line":117},"14":{"name":"isGameWon","decl":{"start":{"line":156,"column":16},"end":{"line":156,"column":26}},"loc":{"start":{"line":156,"column":57},"end":{"line":174,"column":null}},"line":156},"15":{"name":"(anonymous_15)","decl":{"start":{"line":158,"column":46},"end":{"line":158,"column":null}},"loc":{"start":{"line":159,"column":4},"end":{"line":159,"column":null}},"line":159},"16":{"name":"countCycles","decl":{"start":{"line":179,"column":16},"end":{"line":179,"column":28}},"loc":{"start":{"line":179,"column":56},"end":{"line":187,"column":null}},"line":179},"17":{"name":"isGameLost","decl":{"start":{"line":192,"column":16},"end":{"line":192,"column":null}},"loc":{"start":{"line":196,"column":11},"end":{"line":248,"column":null}},"line":196}},"branchMap":{"0":{"loc":{"start":{"line":8,"column":2},"end":{"line":22,"column":null}},"type":"switch","locations":[{"start":{"line":9,"column":4},"end":{"line":9,"column":null}},{"start":{"line":10,"column":4},"end":{"line":10,"column":null}},{"start":{"line":11,"column":4},"end":{"line":11,"column":null}},{"start":{"line":12,"column":4},"end":{"line":12,"column":null}},{"start":{"line":13,"column":4},"end":{"line":13,"column":null}},{"start":{"line":14,"column":4},"end":{"line":14,"column":null}},{"start":{"line":15,"column":4},"end":{"line":15,"column":null}},{"start":{"line":16,"column":4},"end":{"line":16,"column":null}},{"start":{"line":17,"column":4},"end":{"line":17,"column":null}},{"start":{"line":18,"column":4},"end":{"line":18,"column":null}},{"start":{"line":19,"column":4},"end":{"line":19,"column":null}},{"start":{"line":20,"column":4},"end":{"line":20,"column":null}},{"start":{"line":21,"column":4},"end":{"line":21,"column":null}}],"line":8},"1":{"loc":{"start":{"line":47,"column":39},"end":{"line":47,"column":64}},"type":"cond-expr","locations":[{"start":{"line":47,"column":46},"end":{"line":47,"column":60}},{"start":{"line":47,"column":60},"end":{"line":47,"column":64}}],"line":47},"2":{"loc":{"start":{"line":60,"column":2},"end":{"line":62,"column":null}},"type":"if","locations":[{"start":{"line":60,"column":2},"end":{"line":62,"column":null}},{"start":{},"end":{}}],"line":60},"3":{"loc":{"start":{"line":69,"column":2},"end":{"line":71,"column":null}},"type":"if","locations":[{"start":{"line":69,"column":2},"end":{"line":71,"column":null}},{"start":{},"end":{}}],"line":69},"4":{"loc":{"start":{"line":82,"column":2},"end":{"line":84,"column":null}},"type":"if","locations":[{"start":{"line":82,"column":2},"end":{"line":84,"column":null}},{"start":{},"end":{}}],"line":82},"5":{"loc":{"start":{"line":91,"column":2},"end":{"line":93,"column":null}},"type":"if","locations":[{"start":{"line":91,"column":2},"end":{"line":93,"column":null}},{"start":{},"end":{}}],"line":91},"6":{"loc":{"start":{"line":121,"column":2},"end":{"line":124,"column":null}},"type":"if","locations":[{"start":{"line":121,"column":2},"end":{"line":124,"column":null}},{"start":{},"end":{}}],"line":121},"7":{"loc":{"start":{"line":128,"column":4},"end":{"line":131,"column":null}},"type":"if","locations":[{"start":{"line":128,"column":4},"end":{"line":131,"column":null}},{"start":{},"end":{}}],"line":128},"8":{"loc":{"start":{"line":135,"column":2},"end":{"line":138,"column":null}},"type":"if","locations":[{"start":{"line":135,"column":2},"end":{"line":138,"column":null}},{"start":{},"end":{}}],"line":135},"9":{"loc":{"start":{"line":142,"column":4},"end":{"line":145,"column":null}},"type":"if","locations":[{"start":{"line":142,"column":4},"end":{"line":145,"column":null}},{"start":{},"end":{}}],"line":142},"10":{"loc":{"start":{"line":159,"column":4},"end":{"line":159,"column":null}},"type":"binary-expr","locations":[{"start":{"line":159,"column":4},"end":{"line":159,"column":25}},{"start":{"line":159,"column":25},"end":{"line":159,"column":null}}],"line":159},"11":{"loc":{"start":{"line":164,"column":25},"end":{"line":165,"column":null}},"type":"binary-expr","locations":[{"start":{"line":164,"column":25},"end":{"line":164,"column":null}},{"start":{"line":165,"column":25},"end":{"line":165,"column":null}}],"line":164},"12":{"loc":{"start":{"line":168,"column":22},"end":{"line":171,"column":null}},"type":"binary-expr","locations":[{"start":{"line":168,"column":22},"end":{"line":168,"column":null}},{"start":{"line":169,"column":22},"end":{"line":169,"column":null}},{"start":{"line":170,"column":22},"end":{"line":170,"column":null}},{"start":{"line":171,"column":22},"end":{"line":171,"column":null}}],"line":168},"13":{"loc":{"start":{"line":173,"column":9},"end":{"line":173,"column":null}},"type":"binary-expr","locations":[{"start":{"line":173,"column":9},"end":{"line":173,"column":28}},{"start":{"line":173,"column":28},"end":{"line":173,"column":46}},{"start":{"line":173,"column":46},"end":{"line":173,"column":null}}],"line":173},"14":{"loc":{"start":{"line":182,"column":4},"end":{"line":184,"column":null}},"type":"if","locations":[{"start":{"line":182,"column":4},"end":{"line":184,"column":null}},{"start":{},"end":{}}],"line":182},"15":{"loc":{"start":{"line":194,"column":2},"end":{"line":194,"column":null}},"type":"default-arg","locations":[{"start":{"line":194,"column":25},"end":{"line":194,"column":null}}],"line":194},"16":{"loc":{"start":{"line":195,"column":2},"end":{"line":195,"column":null}},"type":"default-arg","locations":[{"start":{"line":195,"column":38},"end":{"line":195,"column":null}}],"line":195},"17":{"loc":{"start":{"line":198,"column":2},"end":{"line":198,"column":null}},"type":"if","locations":[{"start":{"line":198,"column":2},"end":{"line":198,"column":null}},{"start":{},"end":{}}],"line":198},"18":{"loc":{"start":{"line":201,"column":2},"end":{"line":203,"column":null}},"type":"if","locations":[{"start":{"line":201,"column":2},"end":{"line":203,"column":null}},{"start":{},"end":{}}],"line":201},"19":{"loc":{"start":{"line":201,"column":6},"end":{"line":201,"column":97}},"type":"binary-expr","locations":[{"start":{"line":201,"column":6},"end":{"line":201,"column":33}},{"start":{"line":201,"column":33},"end":{"line":201,"column":64}},{"start":{"line":201,"column":64},"end":{"line":201,"column":97}}],"line":201},"20":{"loc":{"start":{"line":206,"column":2},"end":{"line":224,"column":null}},"type":"if","locations":[{"start":{"line":206,"column":2},"end":{"line":224,"column":null}},{"start":{},"end":{}}],"line":206},"21":{"loc":{"start":{"line":210,"column":4},"end":{"line":210,"column":null}},"type":"if","locations":[{"start":{"line":210,"column":4},"end":{"line":210,"column":null}},{"start":{},"end":{}}],"line":210},"22":{"loc":{"start":{"line":214,"column":6},"end":{"line":214,"column":null}},"type":"if","locations":[{"start":{"line":214,"column":6},"end":{"line":214,"column":null}},{"start":{},"end":{}}],"line":214},"23":{"loc":{"start":{"line":219,"column":6},"end":{"line":219,"column":null}},"type":"if","locations":[{"start":{"line":219,"column":6},"end":{"line":219,"column":null}},{"start":{},"end":{}}],"line":219},"24":{"loc":{"start":{"line":223,"column":4},"end":{"line":223,"column":null}},"type":"if","locations":[{"start":{"line":223,"column":4},"end":{"line":223,"column":null}},{"start":{},"end":{}}],"line":223},"25":{"loc":{"start":{"line":228,"column":4},"end":{"line":228,"column":null}},"type":"if","locations":[{"start":{"line":228,"column":4},"end":{"line":228,"column":null}},{"start":{},"end":{}}],"line":228},"26":{"loc":{"start":{"line":231,"column":4},"end":{"line":231,"column":null}},"type":"if","locations":[{"start":{"line":231,"column":4},"end":{"line":231,"column":null}},{"start":{},"end":{}}],"line":231},"27":{"loc":{"start":{"line":231,"column":8},"end":{"line":231,"column":65}},"type":"binary-expr","locations":[{"start":{"line":231,"column":8},"end":{"line":231,"column":22}},{"start":{"line":231,"column":22},"end":{"line":231,"column":65}}],"line":231},"28":{"loc":{"start":{"line":235,"column":6},"end":{"line":235,"column":null}},"type":"if","locations":[{"start":{"line":235,"column":6},"end":{"line":235,"column":null}},{"start":{},"end":{}}],"line":235},"29":{"loc":{"start":{"line":240,"column":2},"end":{"line":245,"column":null}},"type":"if","locations":[{"start":{"line":240,"column":2},"end":{"line":245,"column":null}},{"start":{},"end":{}}],"line":240},"30":{"loc":{"start":{"line":244,"column":4},"end":{"line":244,"column":null}},"type":"if","locations":[{"start":{"line":244,"column":4},"end":{"line":244,"column":null}},{"start":{},"end":{}}],"line":244}},"s":{"0":10,"1":0,"2":0,"3":0,"4":0,"5":5,"6":1,"7":0,"8":0,"9":0,"10":1,"11":1,"12":1,"13":1,"14":0,"15":0,"16":0,"17":0,"18":0,"19":0,"20":0,"21":0,"22":19,"23":14,"24":5,"25":5,"26":5,"27":5,"28":0,"29":5,"30":57,"31":57,"32":0,"33":0,"34":0,"35":0,"36":0,"37":0,"38":5,"39":1,"40":0,"41":0,"42":0,"43":0,"44":0,"45":0,"46":0,"47":0,"48":0,"49":0,"50":0,"51":0,"52":0,"53":0,"54":0,"55":0,"56":0,"57":0,"58":5,"59":17,"60":5,"61":5,"62":5,"63":0,"64":0,"65":0,"66":0,"67":0,"68":0,"69":12,"70":1,"71":11,"72":2,"73":9,"74":4,"75":4,"76":1,"77":3,"78":9,"79":1,"80":2,"81":2,"82":5,"83":1,"84":1,"85":0,"86":6,"87":21,"88":8,"89":13,"90":1,"91":12,"92":48,"93":0,"94":5,"95":2,"96":2,"97":1,"98":4},"f":{"0":10,"1":0,"2":0,"3":0,"4":0,"5":0,"6":0,"7":0,"8":0,"9":19,"10":57,"11":5,"12":1,"13":0,"14":5,"15":17,"16":0,"17":12},"b":{"0":[0,0,0,0,5,1,0,0,0,1,1,1,1],"1":[0,0],"2":[14,5],"3":[0,5],"4":[57,0],"5":[0,0],"6":[0,0],"7":[0,0],"8":[0,0],"9":[0,0],"10":[17,16],"11":[5,4],"12":[5,4,4,4],"13":[5,4,2],"14":[0,0],"15":[12],"16":[12],"17":[1,11],"18":[2,9],"19":[11,6,5],"20":[4,5],"21":[1,3],"22":[1,8],"23":[1,4],"24":[0,1],"25":[8,13],"26":[1,12],"27":[13,13],"28":[0,48],"29":[2,3],"30":[1,1]},"meta":{"lastBranch":31,"lastFunction":18,"lastStatement":99,"seen":{"f:7:9:7:30":0,"b:9:4:9:Infinity:10:4:10:Infinity:11:4:11:Infinity:12:4:12:Infinity:13:4:13:Infinity:14:4:14:Infinity:15:4:15:Infinity:16:4:16:Infinity:17:4:17:Infinity:18:4:18:Infinity:19:4:19:Infinity:20:4:20:Infinity:21:4:21:Infinity":0,"s:8:2:22:Infinity":0,"s:9:14:9:Infinity":1,"s:10:14:10:Infinity":2,"s:11:14:11:Infinity":3,"s:12:14:12:Infinity":4,"s:13:14:13:Infinity":5,"s:14:14:14:Infinity":6,"s:15:14:15:Infinity":7,"s:16:14:16:Infinity":8,"s:17:14:17:Infinity":9,"s:18:15:18:Infinity":10,"s:19:14:19:Infinity":11,"s:20:14:20:Infinity":12,"s:21:14:21:Infinity":13,"f:43:9:43:20":1,"s:44:2:51:Infinity":14,"f:45:29:45:38":2,"s:45:38:45:50":15,"f:46:31:46:39":3,"s:46:39:46:70":16,"f:46:48:46:57":4,"s:46:57:46:69":17,"f:47:31:47:39":5,"s:47:39:47:64":18,"b:47:46:47:60:47:60:47:64":1,"f:48:31:48:40":6,"s:48:40:48:52":19,"f:49:27:49:36":7,"s:49:36:49:48":20,"f:50:27:50:36":8,"s:50:36:50:48":21,"f:59:16:59:32":9,"b:60:2:62:Infinity:undefined:undefined:undefined:undefined":2,"s:60:2:62:Infinity":22,"s:61:4:61:Infinity":23,"s:64:18:64:Infinity":24,"s:65:19:65:Infinity":25,"s:66:20:66:Infinity":26,"b:69:2:71:Infinity:undefined:undefined:undefined:undefined":3,"s:69:2:71:Infinity":27,"s:70:4:70:Infinity":28,"s:74:2:74:Infinity":29,"f:81:16:81:32":10,"b:82:2:84:Infinity:undefined:undefined:undefined:undefined":4,"s:82:2:84:Infinity":30,"s:83:4:83:Infinity":31,"s:86:18:86:Infinity":32,"s:87:8:87:Infinity":33,"s:88:8:88:Infinity":34,"b:91:2:93:Infinity:undefined:undefined:undefined:undefined":5,"s:91:2:93:Infinity":35,"s:92:4:92:Infinity":36,"s:96:2:96:Infinity":37,"f:102:16:102:32":11,"s:103:2:103:Infinity":38,"f:109:16:109:33":12,"s:110:2:110:Infinity":39,"f:117:16:117:29":13,"s:118:19:118:Infinity":40,"b:121:2:124:Infinity:undefined:undefined:undefined:undefined":6,"s:121:2:124:Infinity":41,"s:122:4:122:Infinity":42,"s:123:4:123:Infinity":43,"s:127:2:132:Infinity":44,"s:127:15:127:18":45,"b:128:4:131:Infinity:undefined:undefined:undefined:undefined":7,"s:128:4:131:Infinity":46,"s:129:6:129:Infinity":47,"s:130:6:130:Infinity":48,"b:135:2:138:Infinity:undefined:undefined:undefined:undefined":8,"s:135:2:138:Infinity":49,"s:136:4:136:Infinity":50,"s:137:4:137:Infinity":51,"s:141:2:146:Infinity":52,"s:141:15:141:18":53,"b:142:4:145:Infinity:undefined:undefined:undefined:undefined":9,"s:142:4:145:Infinity":54,"s:143:6:143:Infinity":55,"s:144:6:144:Infinity":56,"s:148:2:148:Infinity":57,"f:156:16:156:26":14,"s:158:26:160:Infinity":58,"f:158:46:158:Infinity":15,"s:159:4:159:Infinity":59,"b:159:4:159:25:159:25:159:Infinity":10,"s:164:25:165:Infinity":60,"b:164:25:164:Infinity:165:25:165:Infinity":11,"s:168:22:171:Infinity":61,"b:168:22:168:Infinity:169:22:169:Infinity:170:22:170:Infinity:171:22:171:Infinity":12,"s:173:2:173:Infinity":62,"b:173:9:173:28:173:28:173:46:173:46:173:Infinity":13,"f:179:16:179:28":16,"s:180:15:180:Infinity":63,"s:181:2:185:Infinity":64,"s:181:15:181:18":65,"b:182:4:184:Infinity:undefined:undefined:undefined:undefined":14,"s:182:4:184:Infinity":66,"s:183:6:183:Infinity":67,"s:186:2:186:Infinity":68,"f:192:16:192:Infinity":17,"b:194:25:194:Infinity":15,"b:195:38:195:Infinity":16,"b:198:2:198:Infinity:undefined:undefined:undefined:undefined":17,"s:198:2:198:Infinity":69,"s:198:30:198:Infinity":70,"b:201:2:203:Infinity:undefined:undefined:undefined:undefined":18,"s:201:2:203:Infinity":71,"b:201:6:201:33:201:33:201:64:201:64:201:97":19,"s:202:4:202:Infinity":72,"b:206:2:224:Infinity:undefined:undefined:undefined:undefined":20,"s:206:2:224:Infinity":73,"s:207:22:207:Infinity":74,"b:210:4:210:Infinity:undefined:undefined:undefined:undefined":21,"s:210:4:210:Infinity":75,"s:210:50:210:Infinity":76,"s:213:4:215:Infinity":77,"b:214:6:214:Infinity:undefined:undefined:undefined:undefined":22,"s:214:6:214:Infinity":78,"s:214:46:214:Infinity":79,"s:218:4:220:Infinity":80,"s:218:17:218:20":81,"b:219:6:219:Infinity:undefined:undefined:undefined:undefined":23,"s:219:6:219:Infinity":82,"s:219:45:219:Infinity":83,"b:223:4:223:Infinity:undefined:undefined:undefined:undefined":24,"s:223:4:223:Infinity":84,"s:223:37:223:Infinity":85,"s:227:2:237:Infinity":86,"b:228:4:228:Infinity:undefined:undefined:undefined:undefined":25,"s:228:4:228:Infinity":87,"s:228:29:228:Infinity":88,"b:231:4:231:Infinity:undefined:undefined:undefined:undefined":26,"s:231:4:231:Infinity":89,"b:231:8:231:22:231:22:231:65":27,"s:231:65:231:Infinity":90,"s:234:4:236:Infinity":91,"b:235:6:235:Infinity:undefined:undefined:undefined:undefined":28,"s:235:6:235:Infinity":92,"s:235:47:235:Infinity":93,"b:240:2:245:Infinity:undefined:undefined:undefined:undefined":29,"s:240:2:245:Infinity":94,"s:241:20:241:Infinity":95,"b:244:4:244:Infinity:undefined:undefined:undefined:undefined":30,"s:244:4:244:Infinity":96,"s:244:48:244:Infinity":97,"s:247:2:247:Infinity":98}}}
,"/mnt/c/MyTemp/sorsa/svelte-solitaire/src/lib/cardUtils.ts": {"path":"/mnt/c/MyTemp/sorsa/svelte-solitaire/src/lib/cardUtils.ts","statementMap":{"0":{"start":{"line":3,"column":22},"end":{"line":3,"column":null}},"1":{"start":{"line":4,"column":22},"end":{"line":4,"column":null}},"2":{"start":{"line":7,"column":23},"end":{"line":7,"column":null}},"3":{"start":{"line":9,"column":2},"end":{"line":18,"column":null}},"4":{"start":{"line":10,"column":4},"end":{"line":17,"column":null}},"5":{"start":{"line":11,"column":6},"end":{"line":16,"column":null}},"6":{"start":{"line":20,"column":2},"end":{"line":20,"column":null}},"7":{"start":{"line":24,"column":19},"end":{"line":24,"column":null}},"8":{"start":{"line":25,"column":2},"end":{"line":28,"column":null}},"9":{"start":{"line":25,"column":15},"end":{"line":25,"column":36}},"10":{"start":{"line":26,"column":14},"end":{"line":26,"column":null}},"11":{"start":{"line":27,"column":4},"end":{"line":27,"column":null}},"12":{"start":{"line":29,"column":2},"end":{"line":29,"column":null}},"13":{"start":{"line":33,"column":2},"end":{"line":33,"column":null}},"14":{"start":{"line":37,"column":2},"end":{"line":37,"column":null}},"15":{"start":{"line":41,"column":39},"end":{"line":44,"column":null}},"16":{"start":{"line":45,"column":2},"end":{"line":45,"column":null}},"17":{"start":{"line":49,"column":2},"end":{"line":51,"column":null}},"18":{"start":{"line":50,"column":4},"end":{"line":50,"column":null}},"19":{"start":{"line":53,"column":19},"end":{"line":53,"column":null}},"20":{"start":{"line":54,"column":22},"end":{"line":54,"column":null}},"21":{"start":{"line":55,"column":25},"end":{"line":55,"column":null}},"22":{"start":{"line":57,"column":2},"end":{"line":57,"column":null}},"23":{"start":{"line":61,"column":2},"end":{"line":63,"column":null}},"24":{"start":{"line":62,"column":4},"end":{"line":62,"column":null}},"25":{"start":{"line":66,"column":19},"end":{"line":66,"column":null}},"26":{"start":{"line":67,"column":20},"end":{"line":67,"column":null}},"27":{"start":{"line":69,"column":2},"end":{"line":69,"column":null}}},"fnMap":{"0":{"name":"createDeck","decl":{"start":{"line":6,"column":16},"end":{"line":6,"column":37}},"loc":{"start":{"line":6,"column":37},"end":{"line":21,"column":null}},"line":6},"1":{"name":"shuffleDeck","decl":{"start":{"line":23,"column":16},"end":{"line":23,"column":28}},"loc":{"start":{"line":23,"column":50},"end":{"line":30,"column":null}},"line":23},"2":{"name":"isRed","decl":{"start":{"line":32,"column":16},"end":{"line":32,"column":22}},"loc":{"start":{"line":32,"column":43},"end":{"line":34,"column":null}},"line":32},"3":{"name":"isBlack","decl":{"start":{"line":36,"column":16},"end":{"line":36,"column":24}},"loc":{"start":{"line":36,"column":45},"end":{"line":38,"column":null}},"line":36},"4":{"name":"getRankValue","decl":{"start":{"line":40,"column":16},"end":{"line":40,"column":29}},"loc":{"start":{"line":40,"column":49},"end":{"line":46,"column":null}},"line":40},"5":{"name":"canStackOnTableau","decl":{"start":{"line":48,"column":16},"end":{"line":48,"column":34}},"loc":{"start":{"line":48,"column":83},"end":{"line":58,"column":null}},"line":48},"6":{"name":"canStackOnFoundation","decl":{"start":{"line":60,"column":16},"end":{"line":60,"column":37}},"loc":{"start":{"line":60,"column":80},"end":{"line":70,"column":null}},"line":60}},"branchMap":{"0":{"loc":{"start":{"line":33,"column":9},"end":{"line":33,"column":null}},"type":"binary-expr","locations":[{"start":{"line":33,"column":9},"end":{"line":33,"column":30}},{"start":{"line":33,"column":30},"end":{"line":33,"column":null}}],"line":33},"1":{"loc":{"start":{"line":37,"column":9},"end":{"line":37,"column":null}},"type":"binary-expr","locations":[{"start":{"line":37,"column":9},"end":{"line":37,"column":29}},{"start":{"line":37,"column":29},"end":{"line":37,"column":null}}],"line":37},"2":{"loc":{"start":{"line":49,"column":2},"end":{"line":51,"column":null}},"type":"if","locations":[{"start":{"line":49,"column":2},"end":{"line":51,"column":null}},{"start":{},"end":{}}],"line":49},"3":{"loc":{"start":{"line":57,"column":9},"end":{"line":57,"column":null}},"type":"binary-expr","locations":[{"start":{"line":57,"column":9},"end":{"line":57,"column":41}},{"start":{"line":57,"column":41},"end":{"line":57,"column":null}}],"line":57},"4":{"loc":{"start":{"line":61,"column":2},"end":{"line":63,"column":null}},"type":"if","locations":[{"start":{"line":61,"column":2},"end":{"line":63,"column":null}},{"start":{},"end":{}}],"line":61},"5":{"loc":{"start":{"line":69,"column":9},"end":{"line":69,"column":null}},"type":"binary-expr","locations":[{"start":{"line":69,"column":9},"end":{"line":69,"column":39}},{"start":{"line":69,"column":39},"end":{"line":69,"column":null}}],"line":69}},"s":{"0":3,"1":3,"2":8,"3":8,"4":32,"5":416,"6":8,"7":3,"8":3,"9":3,"10":153,"11":153,"12":3,"13":420,"14":4,"15":711,"16":711,"17":210,"18":2,"19":208,"20":208,"21":208,"22":208,"23":137,"24":2,"25":135,"26":135,"27":135},"f":{"0":8,"1":3,"2":420,"3":4,"4":711,"5":210,"6":137},"b":{"0":[420,232],"1":[4,3],"2":[2,208],"3":[208,42],"4":[2,135],"5":[135,40]},"meta":{"lastBranch":6,"lastFunction":7,"lastStatement":28,"seen":{"s:3:22:3:Infinity":0,"s:4:22:4:Infinity":1,"f:6:16:6:37":0,"s:7:23:7:Infinity":2,"s:9:2:18:Infinity":3,"s:10:4:17:Infinity":4,"s:11:6:16:Infinity":5,"s:20:2:20:Infinity":6,"f:23:16:23:28":1,"s:24:19:24:Infinity":7,"s:25:2:28:Infinity":8,"s:25:15:25:36":9,"s:26:14:26:Infinity":10,"s:27:4:27:Infinity":11,"s:29:2:29:Infinity":12,"f:32:16:32:22":2,"s:33:2:33:Infinity":13,"b:33:9:33:30:33:30:33:Infinity":0,"f:36:16:36:24":3,"s:37:2:37:Infinity":14,"b:37:9:37:29:37:29:37:Infinity":1,"f:40:16:40:29":4,"s:41:39:44:Infinity":15,"s:45:2:45:Infinity":16,"f:48:16:48:34":5,"b:49:2:51:Infinity:undefined:undefined:undefined:undefined":2,"s:49:2:51:Infinity":17,"s:50:4:50:Infinity":18,"s:53:19:53:Infinity":19,"s:54:22:54:Infinity":20,"s:55:25:55:Infinity":21,"s:57:2:57:Infinity":22,"b:57:9:57:41:57:41:57:Infinity":3,"f:60:16:60:37":6,"b:61:2:63:Infinity:undefined:undefined:undefined:undefined":4,"s:61:2:63:Infinity":23,"s:62:4:62:Infinity":24,"s:66:19:66:Infinity":25,"s:67:20:67:Infinity":26,"s:69:2:69:Infinity":27,"b:69:9:69:39:69:39:69:Infinity":5}}}
}
